Datum: 2026-07-01T08:40:00.000Z
Statusz: SIKERES (reszleges - lasd megjegyzes)
Feladat: Fazis 6 - Jules aszinkron munkajanak integralasa (OCR fallback banner, Snackbar tisztitas)
Forras: jules_session_11143774421442787145/ (ActionPlanScreen.tsx, PaywallScreen.tsx)
Valtoztatasok:
  - Banner (react-native-paper) + ocrConfidence/uploadError/uploading state hozzaadva ActionPlanScreen.tsx-hez es PaywallScreen.tsx-hez
  - PaywallScreen.tsx: 5 duplikalt Snackbar blokk eltavolitva, hianyzo Banner/Snackbar import potolva
Megjegyzes: A session mappa csak a ket screen fajlt tartalmazta; migracio es useActionPlan.test.ts NEM volt jelen, igy ezek nem kerultek integralasra.
Takaritas: jules_session_11143774421442787145/ mappa torolve
Tipusellenorzes: npx tsc --noEmit -> 0 hiba
Tesztek: npx jest -> 5/5 sikeres (documentGenerator.test.ts)
Commit: b853b6f58dde50a2a0a856f0100c14d8ec9546ee

---

Datum: 2026-07-01T08:26:45.000Z
Statusz: SIKERES
Feladat: Fazis 5 / 5. Lepes - Database Performance Hardening & Production Indexing
Migracio: 20260701100000_perf_rls_indexing.sql
Indexek:
  - idx_action_tasks_plan_id_fk (action_tasks.plan_id)
  - idx_action_plans_business_profile_id_match_id_fk (action_plans.business_profile_id, match_id)
  - idx_financial_documents_business_profile_id_status_fk (financial_documents.business_profile_id, processing_status)
  - idx_business_profiles_user_id_fk (business_profiles.user_id)
Deployment: npx supabase db push --linked -> SIKERES
Tipusellenorzes: npx tsc --noEmit -> 0 hiba
Supabase URL: https://icextvgecinmhrhjtfcm.supabase.co

---

Datum: 2026-06-30T09:20:07.685Z
Statusz: SIKERES
Workflow ID: DNE7Xod35VnFeR6t
Workflow Nev: P-Search: Hungarian SME Grant Scraper & RAG Ingestion (v2)
Method: PATCH /rest
n8n Host: http://localhost:5678
Supabase URL: https://icextvgecinmhrhjtfcm.supabase.co